<?xml version="1.0" encoding="UTF-8"?>
<!-- Generated by org.testng.reporters.JUnitReportReporter -->
<testsuite skipped="0" hostname="PC-20190404BJJA" name="com.wangwei.testCase.LoginCase" tests="3" failures="0" timestamp="06 四月 2019 03:46:18 GMT" time="22.746" errors="0">
  <testcase name="close" time="5.314" classname="com.wangwei.testCase.LoginCase"/>
  <testcase name="login" time="9.785" classname="com.wangwei.testCase.LoginCase"/>
  <testcase name="getLoginHome" time="7.647" classname="com.wangwei.testCase.LoginCase"/>
</testsuite> <!-- com.wangwei.testCase.LoginCase -->
